[2020-06-20T15:48:26.937] [DEBUG] cheese - login => username:zs,password:123456
[2020-06-20T15:48:26.939] [DEBUG] cheese - zs
[2020-06-20T15:48:26.963] [DEBUG] cheese - null
[2020-06-20T15:48:26.964] [DEBUG] cheese - null
[2020-06-20T15:48:33.833] [DEBUG] cheese - login => username:admin,password:123456
[2020-06-20T15:48:33.834] [DEBUG] cheese - admin
[2020-06-20T15:48:33.844] [DEBUG] cheese - null
[2020-06-20T15:48:33.844] [DEBUG] cheese - null
[2020-06-20T15:49:23.610] [DEBUG] cheese - login => username:ws,password:123456
[2020-06-20T15:49:23.611] [DEBUG] cheese - ws
[2020-06-20T15:49:23.616] [DEBUG] cheese - null
[2020-06-20T15:49:23.617] [DEBUG] cheese - null
[2020-06-20T15:49:34.658] [DEBUG] cheese - login => username:ww,password:123456
[2020-06-20T15:49:34.658] [DEBUG] cheese - ww
[2020-06-20T15:49:34.664] [DEBUG] cheese - null
[2020-06-20T15:49:34.664] [DEBUG] cheese - null
[2020-06-20T15:49:44.305] [DEBUG] cheese - login => username:ww,password:123456
[2020-06-20T15:49:44.305] [DEBUG] cheese - ww
[2020-06-20T15:49:44.315] [DEBUG] cheese - null
[2020-06-20T15:49:44.316] [DEBUG] cheese - null
[2020-06-20T15:49:50.705] [DEBUG] cheese - login => username:admin,password:123456
[2020-06-20T15:49:50.705] [DEBUG] cheese - admin
[2020-06-20T15:49:50.712] [DEBUG] cheese - null
[2020-06-20T15:49:50.712] [DEBUG] cheese - null
[2020-06-20T15:50:14.610] [DEBUG] cheese - login => username:ww,password:123456
[2020-06-20T15:50:14.610] [DEBUG] cheese - ww
[2020-06-20T15:50:14.615] [DEBUG] cheese - null
[2020-06-20T15:50:14.615] [DEBUG] cheese - null
[2020-06-20T15:50:20.508] [DEBUG] cheese - login => username:admin
,password:123456
[2020-06-20T15:50:20.508] [DEBUG] cheese - admin

[2020-06-20T15:50:20.515] [DEBUG] cheese - null
[2020-06-20T15:50:20.515] [DEBUG] cheese - null
[2020-06-20T15:50:21.667] [DEBUG] cheese - login => username:admin
,password:123456
[2020-06-20T15:50:21.667] [DEBUG] cheese - admin

[2020-06-20T15:50:21.672] [DEBUG] cheese - null
[2020-06-20T15:50:21.672] [DEBUG] cheese - null
[2020-06-20T15:50:26.605] [DEBUG] cheese - login => username:admin,password:123456
[2020-06-20T15:50:26.605] [DEBUG] cheese - admin
[2020-06-20T15:50:26.611] [DEBUG] cheese - null
[2020-06-20T15:50:26.611] [DEBUG] cheese - null
[2020-06-20T15:50:30.936] [DEBUG] cheese - login => username:ww,password:123456
[2020-06-20T15:50:30.936] [DEBUG] cheese - ww
[2020-06-20T15:50:30.947] [DEBUG] cheese - null
[2020-06-20T15:50:30.947] [DEBUG] cheese - null
[2020-06-20T15:50:35.131] [DEBUG] cheese - login => username:admin,password:123456
[2020-06-20T15:50:35.132] [DEBUG] cheese - admin
[2020-06-20T15:50:35.136] [DEBUG] cheese - null
[2020-06-20T15:50:35.136] [DEBUG] cheese - null
[2020-06-23T19:22:04.226] [DEBUG] cheese - login => username:admin,password:123456
[2020-06-23T19:22:04.227] [DEBUG] cheese - admin
[2020-06-23T19:22:04.240] [DEBUG] cheese - null
[2020-06-23T19:22:04.240] [DEBUG] cheese - null
[2020-06-23T19:23:21.463] [DEBUG] cheese - login => username:sssw,password:dds
[2020-06-23T19:23:21.463] [DEBUG] cheese - sssw
[2020-06-23T19:23:21.488] [DEBUG] cheese - null
[2020-06-23T19:23:21.488] [DEBUG] cheese - null
[2020-06-23T20:08:48.450] [DEBUG] cheese - login => username:admin,password:123456
[2020-06-23T20:08:48.450] [DEBUG] cheese - admin
[2020-06-23T20:08:48.457] [DEBUG] cheese - null
[2020-06-23T20:08:48.458] [DEBUG] cheese - null
[2020-06-24T14:58:17.161] [DEBUG] cheese - login => username:admin,password:123456
[2020-06-24T14:58:17.162] [DEBUG] cheese - admin
[2020-06-24T14:58:17.186] [DEBUG] cheese - null
[2020-06-24T14:58:17.186] [DEBUG] cheese - null
[2020-06-24T14:59:48.680] [DEBUG] cheese - login => username:ddd,password:dd
[2020-06-24T14:59:48.681] [DEBUG] cheese - ddd
[2020-06-24T14:59:48.688] [DEBUG] cheese - null
[2020-06-24T14:59:48.688] [DEBUG] cheese - null
[2020-06-24T15:00:24.587] [DEBUG] cheese - login => username:ddd,password:dd
[2020-06-24T15:00:24.587] [DEBUG] cheese - ddd
[2020-06-24T15:00:24.591] [DEBUG] cheese - null
[2020-06-24T15:00:24.591] [DEBUG] cheese - null
[2020-06-24T15:00:31.657] [DEBUG] cheese - login => username:admin,password:123456
[2020-06-24T15:00:31.657] [DEBUG] cheese - admin
[2020-06-24T15:00:31.661] [DEBUG] cheese - null
[2020-06-24T15:00:31.661] [DEBUG] cheese - null
[2020-06-24T15:00:34.792] [DEBUG] cheese - login => username:admin,password:123456
[2020-06-24T15:00:34.792] [DEBUG] cheese - admin
[2020-06-24T15:00:34.797] [DEBUG] cheese - null
[2020-06-24T15:00:34.797] [DEBUG] cheese - null
[2020-06-24T15:00:41.024] [DEBUG] cheese - login => username:admin,password:123456
[2020-06-24T15:00:41.024] [DEBUG] cheese - admin
[2020-06-24T15:00:41.029] [DEBUG] cheese - null
[2020-06-24T15:00:41.030] [DEBUG] cheese - null
[2020-06-24T15:00:45.147] [DEBUG] cheese - login => username:ddd,password:dd
[2020-06-24T15:00:45.147] [DEBUG] cheese - ddd
[2020-06-24T15:00:45.152] [DEBUG] cheese - null
[2020-06-24T15:00:45.152] [DEBUG] cheese - null
[2020-06-24T15:00:52.230] [DEBUG] cheese - login => username:admin,password:123456
[2020-06-24T15:00:52.230] [DEBUG] cheese - admin
[2020-06-24T15:00:52.235] [DEBUG] cheese - null
[2020-06-24T15:00:52.235] [DEBUG] cheese - null
[2020-06-24T15:00:52.753] [DEBUG] cheese - login => username:admin,password:123456
[2020-06-24T15:00:52.753] [DEBUG] cheese - admin
[2020-06-24T15:00:52.757] [DEBUG] cheese - null
[2020-06-24T15:00:52.757] [DEBUG] cheese - null
[2020-06-24T15:00:52.919] [DEBUG] cheese - login => username:admin,password:123456
[2020-06-24T15:00:52.919] [DEBUG] cheese - admin
[2020-06-24T15:00:52.923] [DEBUG] cheese - null
[2020-06-24T15:00:52.923] [DEBUG] cheese - null
[2020-06-24T15:00:53.087] [DEBUG] cheese - login => username:admin,password:123456
[2020-06-24T15:00:53.087] [DEBUG] cheese - admin
[2020-06-24T15:00:53.091] [DEBUG] cheese - null
[2020-06-24T15:00:53.091] [DEBUG] cheese - null
[2020-06-24T15:00:53.247] [DEBUG] cheese - login => username:admin,password:123456
[2020-06-24T15:00:53.247] [DEBUG] cheese - admin
[2020-06-24T15:00:53.251] [DEBUG] cheese - null
[2020-06-24T15:00:53.252] [DEBUG] cheese - null
[2020-06-24T15:00:53.395] [DEBUG] cheese - login => username:admin,password:123456
[2020-06-24T15:00:53.395] [DEBUG] cheese - admin
[2020-06-24T15:00:53.403] [DEBUG] cheese - null
[2020-06-24T15:00:53.403] [DEBUG] cheese - null
[2020-06-24T15:00:53.546] [DEBUG] cheese - login => username:admin,password:123456
[2020-06-24T15:00:53.547] [DEBUG] cheese - admin
[2020-06-24T15:00:53.553] [DEBUG] cheese - null
[2020-06-24T15:00:53.553] [DEBUG] cheese - null
[2020-06-24T15:01:03.284] [DEBUG] cheese - login => username:admin,password:123456
[2020-06-24T15:01:03.284] [DEBUG] cheese - admin
[2020-06-24T15:01:03.290] [DEBUG] cheese - null
[2020-06-24T15:01:03.290] [DEBUG] cheese - null
[2020-06-24T15:01:40.934] [DEBUG] cheese - login => username:admin,password:123456
[2020-06-24T15:01:40.934] [DEBUG] cheese - admin
[2020-06-24T15:01:40.939] [DEBUG] cheese - null
[2020-06-24T15:01:40.939] [DEBUG] cheese - null
[2020-06-24T15:03:24.733] [DEBUG] cheese - login => username:admin,password:123456
[2020-06-24T15:03:24.733] [DEBUG] cheese - admin
[2020-06-24T15:03:24.737] [DEBUG] cheese - null
[2020-06-24T15:03:24.737] [DEBUG] cheese - null
[2020-06-24T15:03:44.701] [DEBUG] cheese - login => username:admin,password:123456
[2020-06-24T15:03:44.701] [DEBUG] cheese - admin
[2020-06-24T15:03:44.705] [DEBUG] cheese - null
[2020-06-24T15:03:44.705] [DEBUG] cheese - null
[2020-06-24T15:04:49.573] [DEBUG] cheese - login => username:admin,password:123456
[2020-06-24T15:04:49.574] [DEBUG] cheese - admin
[2020-06-24T15:04:49.578] [DEBUG] cheese - null
[2020-06-24T15:04:49.578] [DEBUG] cheese - null
[2020-06-24T15:05:53.422] [DEBUG] cheese - login => username:admin,password:123456
[2020-06-24T15:05:53.422] [DEBUG] cheese - admin
[2020-06-24T15:05:53.427] [DEBUG] cheese - null
[2020-06-24T15:05:53.427] [DEBUG] cheese - null
[2020-06-24T19:18:05.704] [DEBUG] cheese - login => username:admin,password:123456
[2020-06-24T19:18:05.705] [DEBUG] cheese - admin
[2020-06-24T19:18:05.724] [DEBUG] cheese - null
[2020-06-24T19:18:05.724] [DEBUG] cheese - null
[2020-06-24T20:15:28.209] [DEBUG] cheese - login => username:admin,password:123456
[2020-06-24T20:15:28.210] [DEBUG] cheese - admin
[2020-06-24T20:15:28.226] [DEBUG] cheese - null
[2020-06-24T20:15:28.227] [DEBUG] cheese - null
[2020-06-24T20:15:32.738] [DEBUG] cheese - login => username:admin,password:123456
[2020-06-24T20:15:32.738] [DEBUG] cheese - admin
[2020-06-24T20:15:32.747] [DEBUG] cheese - null
[2020-06-24T20:15:32.747] [DEBUG] cheese - null
[2020-06-24T20:15:33.311] [DEBUG] cheese - login => username:admin,password:123456
[2020-06-24T20:15:33.311] [DEBUG] cheese - admin
[2020-06-24T20:15:33.316] [DEBUG] cheese - null
[2020-06-24T20:15:33.316] [DEBUG] cheese - null
[2020-06-24T20:15:54.847] [DEBUG] cheese - login => username:admin,password:123456
[2020-06-24T20:15:54.847] [DEBUG] cheese - admin
[2020-06-24T20:15:54.853] [DEBUG] cheese - null
[2020-06-24T20:15:54.853] [DEBUG] cheese - null
[2020-06-24T20:18:24.103] [DEBUG] cheese - login => username:admin,password:123456
[2020-06-24T20:18:24.103] [DEBUG] cheese - admin
[2020-06-24T20:18:24.111] [DEBUG] cheese - null
[2020-06-24T20:18:24.111] [DEBUG] cheese - null
[2020-06-24T20:18:49.920] [DEBUG] cheese - login => username:admin,password:123456
[2020-06-24T20:18:49.920] [DEBUG] cheese - admin
[2020-06-24T20:18:49.927] [DEBUG] cheese - null
[2020-06-24T20:18:49.927] [DEBUG] cheese - null
[2020-06-24T20:18:51.369] [DEBUG] cheese - login => username:admin,password:123456
[2020-06-24T20:18:51.369] [DEBUG] cheese - admin
[2020-06-24T20:18:51.375] [DEBUG] cheese - null
[2020-06-24T20:18:51.375] [DEBUG] cheese - null
[2020-06-24T20:18:54.363] [DEBUG] cheese - login => username:admin,password:123456
[2020-06-24T20:18:54.363] [DEBUG] cheese - admin
[2020-06-24T20:18:54.368] [DEBUG] cheese - null
[2020-06-24T20:18:54.368] [DEBUG] cheese - null
[2020-06-24T20:19:00.555] [DEBUG] cheese - login => username:adm,password:123456
[2020-06-24T20:19:00.555] [DEBUG] cheese - adm
[2020-06-24T20:19:00.560] [DEBUG] cheese - null
[2020-06-24T20:19:00.560] [DEBUG] cheese - null
[2020-06-24T20:19:04.456] [DEBUG] cheese - login => username:admin,password:123456
[2020-06-24T20:19:04.456] [DEBUG] cheese - admin
[2020-06-24T20:19:04.462] [DEBUG] cheese - null
[2020-06-24T20:19:04.462] [DEBUG] cheese - null
[2020-06-24T20:19:45.733] [DEBUG] cheese - login => username:admin,password:123456
[2020-06-24T20:19:45.733] [DEBUG] cheese - admin
[2020-06-24T20:19:45.740] [DEBUG] cheese - null
[2020-06-24T20:19:45.740] [DEBUG] cheese - null
[2020-06-24T20:23:50.114] [DEBUG] cheese - login => username:admin,password:123456
[2020-06-24T20:23:50.114] [DEBUG] cheese - admin
[2020-06-24T20:23:50.118] [DEBUG] cheese - null
[2020-06-24T20:23:50.118] [DEBUG] cheese - null
[2020-06-24T20:30:46.045] [DEBUG] cheese - login => username:admin,password:123456
[2020-06-24T20:30:46.045] [DEBUG] cheese - admin
[2020-06-24T20:30:46.050] [DEBUG] cheese - null
[2020-06-24T20:30:46.050] [DEBUG] cheese - null
[2020-06-24T20:30:59.178] [DEBUG] cheese - login => username:admin,password:123456
[2020-06-24T20:30:59.178] [DEBUG] cheese - admin
[2020-06-24T20:30:59.182] [DEBUG] cheese - null
[2020-06-24T20:30:59.183] [DEBUG] cheese - null
[2020-06-24T20:31:16.263] [DEBUG] cheese - login => username:admin,password:123456
[2020-06-24T20:31:16.263] [DEBUG] cheese - admin
[2020-06-24T20:31:16.267] [DEBUG] cheese - null
[2020-06-24T20:31:16.267] [DEBUG] cheese - null
[2020-06-24T20:32:08.421] [DEBUG] cheese - login => username:admin,password:123456
[2020-06-24T20:32:08.421] [DEBUG] cheese - admin
[2020-06-24T20:32:08.426] [DEBUG] cheese - null
[2020-06-24T20:32:08.426] [DEBUG] cheese - null
[2020-06-24T20:54:36.033] [DEBUG] cheese - login => username:admin,password:123456
[2020-06-24T20:54:36.033] [DEBUG] cheese - admin
[2020-06-24T20:54:36.038] [DEBUG] cheese - null
[2020-06-24T20:54:36.038] [DEBUG] cheese - null
[2020-06-24T20:59:23.057] [DEBUG] cheese - login => username:admin,password:123456
[2020-06-24T20:59:23.057] [DEBUG] cheese - admin
[2020-06-24T20:59:23.062] [DEBUG] cheese - null
[2020-06-24T20:59:23.062] [DEBUG] cheese - null
[2020-06-24T21:00:04.416] [DEBUG] cheese - login => username:admin,password:123456
[2020-06-24T21:00:04.416] [DEBUG] cheese - admin
[2020-06-24T21:00:04.420] [DEBUG] cheese - null
[2020-06-24T21:00:04.420] [DEBUG] cheese - null
[2020-06-24T21:33:09.341] [DEBUG] cheese - login => username:admin,password:123456
[2020-06-24T21:33:09.341] [DEBUG] cheese - admin
[2020-06-24T21:33:09.350] [DEBUG] cheese - null
[2020-06-24T21:33:09.350] [DEBUG] cheese - null
[2020-06-24T21:33:13.437] [DEBUG] cheese - login => username:admin,password:123456
[2020-06-24T21:33:13.438] [DEBUG] cheese - admin
[2020-06-24T21:33:13.445] [DEBUG] cheese - null
[2020-06-24T21:33:13.445] [DEBUG] cheese - null
[2020-06-24T21:35:33.699] [DEBUG] cheese - login => username:admin,password:123456
[2020-06-24T21:35:33.699] [DEBUG] cheese - admin
[2020-06-24T21:35:33.708] [DEBUG] cheese - null
[2020-06-24T21:35:33.709] [DEBUG] cheese - null
[2020-06-24T21:54:07.013] [DEBUG] cheese - login => username:admin,password:123456
[2020-06-24T21:54:07.013] [DEBUG] cheese - admin
[2020-06-24T21:54:07.025] [DEBUG] cheese - null
[2020-06-24T21:54:07.025] [DEBUG] cheese - null
[2020-06-24T22:15:04.127] [DEBUG] cheese - login => username:admin,password:123456
[2020-06-24T22:15:04.127] [DEBUG] cheese - admin
[2020-06-24T22:15:04.136] [DEBUG] cheese - null
[2020-06-24T22:15:04.137] [DEBUG] cheese - null
[2020-06-24T22:37:46.475] [DEBUG] cheese - login => username:admin,password:123456
[2020-06-24T22:37:46.475] [DEBUG] cheese - admin
[2020-06-24T22:37:46.487] [DEBUG] cheese - null
[2020-06-24T22:37:46.487] [DEBUG] cheese - null
[2020-06-25T10:31:37.670] [DEBUG] cheese - login => username:admin,password:123456
[2020-06-25T10:31:37.671] [DEBUG] cheese - admin
[2020-06-25T10:31:37.683] [DEBUG] cheese - null
[2020-06-25T10:31:37.684] [DEBUG] cheese - null
[2020-06-25T16:02:07.092] [DEBUG] cheese - login => username:admin,password:123456
[2020-06-25T16:02:07.092] [DEBUG] cheese - admin
[2020-06-25T16:02:07.106] [DEBUG] cheese - null
[2020-06-25T16:02:07.106] [DEBUG] cheese - null
[2020-06-25T17:46:03.200] [DEBUG] cheese - login => username:admin,password:123456
[2020-06-25T17:46:03.201] [DEBUG] cheese - admin
[2020-06-25T17:46:03.207] [DEBUG] cheese - null
[2020-06-25T17:46:03.207] [DEBUG] cheese - null
[2020-06-25T17:48:20.816] [DEBUG] cheese - login => username:admin,password:123456
[2020-06-25T17:48:20.816] [DEBUG] cheese - admin
[2020-06-25T17:48:20.822] [DEBUG] cheese - null
[2020-06-25T17:48:20.823] [DEBUG] cheese - null
[2020-06-25T17:49:05.734] [DEBUG] cheese - login => username:admin,password:123456
[2020-06-25T17:49:05.734] [DEBUG] cheese - admin
[2020-06-25T17:49:05.739] [DEBUG] cheese - null
[2020-06-25T17:49:05.739] [DEBUG] cheese - null
